d:\documents\github\pedcount\vs2013\release\vc120.pdb
d:\documents\github\pedcount\vs2013\release\cvtrack.obj
d:\documents\github\pedcount\vs2013\release\cvlabel.obj
d:\documents\github\pedcount\vs2013\release\cvcontour.obj
d:\documents\github\pedcount\vs2013\release\cvcolor.obj
d:\documents\github\pedcount\vs2013\release\cvblob.obj
d:\documents\github\pedcount\vs2013\release\cvaux.obj
d:\documents\github\pedcount\vs2013\release\blobtracking.obj
d:\documents\github\pedcount\vs2013\release\movingdetection.obj
d:\documents\github\pedcount\vs2013\release\vehiclecouting.obj
d:\documents\github\pedcount\vs2013\release\record.obj
d:\documents\github\pedcount\vs2013\release\main.obj
d:\documents\github\pedcount\vehicle_counting_x86.exe
d:\documents\github\pedcount\vehicle_counting_x86.pdb
d:\documents\github\pedcount\vs2013\../vehicle_counting_x86.exe
d:\documents\github\pedcount\vs2013\release\project.tlog\cl.command.1.tlog
d:\documents\github\pedcount\vs2013\release\project.tlog\cl.read.1.tlog
d:\documents\github\pedcount\vs2013\release\project.tlog\cl.write.1.tlog
d:\documents\github\pedcount\vs2013\release\project.tlog\link.command.1.tlog
d:\documents\github\pedcount\vs2013\release\project.tlog\link.read.1.tlog
d:\documents\github\pedcount\vs2013\release\project.tlog\link.write.1.tlog
